<?xml version="1.0"?>
<kernel>
    <instance_name>blah</instance_name>
    <plugin_directories>
        <plugindir>./install/lib/leosac</plugindir>
        <plugindir>./install/lib/leosac/auth</plugindir>
    </plugin_directories>

    <network>
        <enabled>false</enabled>
    </network>

    <modules>
        <module>
            <name>MONITOR</name>
            <file>libmonitor.so</file>
            <level>1</level>

            <module_config>
                <file-bus>./system_bus_log</file-bus>
                <verbose>true</verbose>
            </module_config>
        </module>

        <module>
            <name>INSTRUMENTATION</name>
            <file>libinstrumentation.so</file>
            <level>105</level>
            <module_config>
                <ipc_endpoint>/tmp/leosac-ipc</ipc_endpoint>
            </module_config>
        </module>

        <module>
            <name>WIEGAND_READER</name>
            <file>libwiegand.so</file>
            <level>5</level>

            <module_config>
                <readers>
                    <reader>
                        <name>MY_WIEGAND_1</name>
                        <high>wiegand_data_high</high>
                        <low>wiegand_data_low</low>
                        <green_led></green_led>
                        <buzzer></buzzer>
                    </reader>
                </readers>
            </module_config>
        </module>

        <module>
            <name>AUTH_FILE</name>
            <file>libauth-file.so</file>
            <level>41</level>

            <module_config>
                <instances>
                    <!-- Multiple authentication instance are allowed -->
                    <instance>
                        <name>AUTH_CONTEXT_1</name>

                        <!-- Device we watch as input source -->
                        <auth_source>MY_WIEGAND_1</auth_source>
                        <config_file>auth-file.xml</config_file>
                        <target>doorA</target>
                    </instance>
                </instances>
            </module_config>
        </module>

    </modules>

</kernel>
